[     200ms] [LOG] BJS - [18:12:33]: Babylon.js v7.54.3 - WebGL2 @ http://localhost:3000/node_modules/.vite/deps/chunk-OJJXGLTO.js?v=cb7da367:44
[    5487ms] [LOG] LAND straight segZ 0.00 vel 0.00 nextSegDist -8.30 @ http://localhost:3000/src/game/Game.js?t=1776420736664:537
[    5488ms] [LOG] VEL set currentSegZ 0.00 nextSegZ -8.30 dist 8.30 vel 11.98 @ http://localhost:3000/src/game/Game.js?t=1776420736664:728
[    6872ms] [LOG] LAND straight segZ -0.13 vel 11.98 nextSegDist -8.43 @ http://localhost:3000/src/game/Game.js?t=1776420736664:537
[    6872ms] [LOG] VEL set currentSegZ -0.13 nextSegZ -8.43 dist 8.43 vel 12.17 @ http://localhost:3000/src/game/Game.js?t=1776420736664:728
[    8231ms] [LOG] LAND straight segZ -0.13 vel 12.17 nextSegDist -8.43 @ http://localhost:3000/src/game/Game.js?t=1776420736664:537
[    8231ms] [LOG] VEL set currentSegZ -0.13 nextSegZ -8.43 dist 8.43 vel 12.17 @ http://localhost:3000/src/game/Game.js?t=1776420736664:728
[    9593ms] [LOG] LAND straight segZ -0.20 vel 12.17 nextSegDist -8.50 @ http://localhost:3000/src/game/Game.js?t=1776420736664:537
[    9593ms] [LOG] VEL set currentSegZ -0.20 nextSegZ -8.50 dist 8.50 vel 12.26 @ http://localhost:3000/src/game/Game.js?t=1776420736664:728
[   10927ms] [LOG] LAND straight segZ -0.26 vel 12.26 nextSegDist -8.56 @ http://localhost:3000/src/game/Game.js?t=1776420736664:537
[   10927ms] [LOG] VEL set currentSegZ -0.26 nextSegZ -8.56 dist 8.56 vel 12.35 @ http://localhost:3000/src/game/Game.js?t=1776420736664:728
[   12306ms] [LOG] LAND straight segZ -0.06 vel 12.35 nextSegDist -8.36 @ http://localhost:3000/src/game/Game.js?t=1776420736664:537
[   12306ms] [LOG] VEL set currentSegZ -0.06 nextSegZ -8.36 dist 8.36 vel 12.07 @ http://localhost:3000/src/game/Game.js?t=1776420736664:728
[   13664ms] [LOG] LAND straight segZ -0.16 vel 12.07 nextSegDist -8.46 @ http://localhost:3000/src/game/Game.js?t=1776420736664:537
[   13664ms] [LOG] VEL set currentSegZ -0.16 nextSegZ -8.46 dist 8.46 vel 12.22 @ http://localhost:3000/src/game/Game.js?t=1776420736664:728
[   15001ms] [LOG] LAND straight segZ -0.30 vel 12.22 nextSegDist -8.60 @ http://localhost:3000/src/game/Game.js?t=1776420736664:537
[   15002ms] [LOG] VEL set currentSegZ -0.30 nextSegZ -8.60 dist 8.60 vel 12.41 @ http://localhost:3000/src/game/Game.js?t=1776420736664:728
[   16380ms] [LOG] LAND straight segZ -0.05 vel 12.41 nextSegDist -8.35 @ http://localhost:3000/src/game/Game.js?t=1776420736664:537
[   16381ms] [LOG] VEL set currentSegZ -0.05 nextSegZ -8.35 dist 8.35 vel 12.05 @ http://localhost:3000/src/game/Game.js?t=1776420736664:728
[   17746ms] [LOG] LAND straight segZ -0.10 vel 12.05 nextSegDist -8.40 @ http://localhost:3000/src/game/Game.js?t=1776420736664:537
[   17746ms] [LOG] VEL set currentSegZ -0.10 nextSegZ -8.40 dist 8.40 vel 12.12 @ http://localhost:3000/src/game/Game.js?t=1776420736664:728
[   19083ms] [LOG] LAND straight segZ -0.32 vel 12.12 nextSegDist -8.62 @ http://localhost:3000/src/game/Game.js?t=1776420736664:537
[   19083ms] [LOG] VEL set currentSegZ -0.32 nextSegZ -8.62 dist 8.62 vel 12.44 @ http://localhost:3000/src/game/Game.js?t=1776420736664:728
[   20412ms] [LOG] LAND straight segZ -0.33 vel 12.44 nextSegDist -8.63 @ http://localhost:3000/src/game/Game.js?t=1776420736664:537
[   20413ms] [LOG] VEL set currentSegZ -0.33 nextSegZ -8.63 dist 8.63 vel 12.46 @ http://localhost:3000/src/game/Game.js?t=1776420736664:728
[   21735ms] [LOG] LAND straight segZ -0.45 vel 12.46 nextSegDist -8.75 @ http://localhost:3000/src/game/Game.js?t=1776420736664:537
[   21735ms] [LOG] VEL set currentSegZ -0.45 nextSegZ -8.75 dist 8.75 vel 12.62 @ http://localhost:3000/src/game/Game.js?t=1776420736664:728
[   68829ms] [LOG] BJS - [18:13:42]: Babylon.js v7.54.3 - WebGL2 @ http://localhost:3000/node_modules/.vite/deps/chunk-OJJXGLTO.js?v=cb7da367:44
[   77020ms] [LOG] BJS - [18:13:50]: Babylon.js v7.54.3 - WebGL2 @ http://localhost:3000/node_modules/.vite/deps/chunk-OJJXGLTO.js?v=cb7da367:44
